2023-12-27T09:47:10.466+09:00  INFO 82751 --- [main] c.e.I.ImagePrompterAnalyzerApplication   : Starting ImagePrompterAnalyzerApplication using Java 17.0.9 with PID 82751 (/Users/johyeonseo/IdeaProjects/ImagePrompterAnalyzer/build/classes/java/main started by johyeonseo in /Users/johyeonseo/IdeaProjects/ImagePrompterAnalyzer)
2023-12-27T09:47:10.467+09:00  INFO 82751 --- [main] c.e.I.ImagePrompterAnalyzerApplication   : No active profile set, falling back to 1 default profile: "default"
2023-12-27T09:47:10.966+09:00  INFO 82751 --- [main] o.s.b.w.embedded.tomcat.TomcatWebServer  : Tomcat initialized with port 8080 (http)
2023-12-27T09:47:10.975+09:00  INFO 82751 --- [main] o.apache.catalina.core.StandardService   : Starting service [Tomcat]
2023-12-27T09:47:10.975+09:00  INFO 82751 --- [main] o.apache.catalina.core.StandardEngine    : Starting Servlet engine: [Apache Tomcat/10.1.17]
2023-12-27T09:47:11.003+09:00  INFO 82751 --- [main] o.a.c.c.C.[Tomcat].[localhost].[/]       : Initializing Spring embedded WebApplicationContext
2023-12-27T09:47:11.003+09:00  INFO 82751 --- [main] w.s.c.ServletWebServerApplicationContext : Root WebApplicationContext: initialization completed in 517 ms
2023-12-27T09:47:11.229+09:00  INFO 82751 --- [main] o.s.b.w.embedded.tomcat.TomcatWebServer  : Tomcat started on port 8080 (http) with context path ''
2023-12-27T09:47:11.234+09:00  INFO 82751 --- [main] c.e.I.ImagePrompterAnalyzerApplication   : Started ImagePrompterAnalyzerApplication in 0.939 seconds (process running for 1.199)
2023-12-27T09:54:17.896+09:00  INFO 83039 --- [main] c.e.I.ImagePrompterAnalyzerApplication   : Starting ImagePrompterAnalyzerApplication using Java 17.0.9 with PID 83039 (/Users/johyeonseo/IdeaProjects/ImagePrompterAnalyzer/build/classes/java/main started by johyeonseo in /Users/johyeonseo/IdeaProjects/ImagePrompterAnalyzer)
2023-12-27T09:54:17.898+09:00  INFO 83039 --- [main] c.e.I.ImagePrompterAnalyzerApplication   : No active profile set, falling back to 1 default profile: "default"
2023-12-27T09:54:18.372+09:00  INFO 83039 --- [main] o.s.b.w.embedded.tomcat.TomcatWebServer  : Tomcat initialized with port 8080 (http)
2023-12-27T09:54:18.378+09:00  INFO 83039 --- [main] o.apache.catalina.core.StandardService   : Starting service [Tomcat]
2023-12-27T09:54:18.378+09:00  INFO 83039 --- [main] o.apache.catalina.core.StandardEngine    : Starting Servlet engine: [Apache Tomcat/10.1.17]
2023-12-27T09:54:18.400+09:00  INFO 83039 --- [main] o.a.c.c.C.[Tomcat].[localhost].[/]       : Initializing Spring embedded WebApplicationContext
2023-12-27T09:54:18.401+09:00  INFO 83039 --- [main] w.s.c.ServletWebServerApplicationContext : Root WebApplicationContext: initialization completed in 482 ms
2023-12-27T09:54:18.647+09:00  INFO 83039 --- [main] o.s.b.w.embedded.tomcat.TomcatWebServer  : Tomcat started on port 8080 (http) with context path ''
2023-12-27T09:54:18.652+09:00  INFO 83039 --- [main] c.e.I.ImagePrompterAnalyzerApplication   : Started ImagePrompterAnalyzerApplication in 0.945 seconds (process running for 1.26)
2023-12-27T09:54:42.724+09:00  INFO 83039 --- [http-nio-8080-exec-1] o.a.c.c.C.[Tomcat].[localhost].[/]       : Initializing Spring DispatcherServlet 'dispatcherServlet'
2023-12-27T09:54:42.725+09:00  INFO 83039 --- [http-nio-8080-exec-1] o.s.web.servlet.DispatcherServlet        : Initializing Servlet 'dispatcherServlet'
2023-12-27T09:54:42.726+09:00  INFO 83039 --- [http-nio-8080-exec-1] o.s.web.servlet.DispatcherServlet        : Completed initialization in 1 ms
2023-12-27T09:54:42.796+09:00  INFO 83039 --- [http-nio-8080-exec-1] e.stanford.nlp.pipeline.StanfordCoreNLP  : Adding annotator tokenize
2023-12-27T09:54:42.802+09:00  INFO 83039 --- [http-nio-8080-exec-1] e.stanford.nlp.pipeline.StanfordCoreNLP  : Adding annotator pos
2023-12-27T09:54:43.203+09:00  INFO 83039 --- [http-nio-8080-exec-1] e.s.nlp.tagger.maxent.MaxentTagger       : Loading POS tagger from edu/stanford/nlp/models/pos-tagger/english-left3words-distsim.tagger ... done [0.4 sec].
2023-12-27T09:55:21.062+09:00  INFO 83076 --- [main] c.e.I.ImagePrompterAnalyzerApplication   : Starting ImagePrompterAnalyzerApplication using Java 17.0.9 with PID 83076 (/Users/johyeonseo/IdeaProjects/ImagePrompterAnalyzer/build/classes/java/main started by johyeonseo in /Users/johyeonseo/IdeaProjects/ImagePrompterAnalyzer)
2023-12-27T09:55:21.063+09:00  INFO 83076 --- [main] c.e.I.ImagePrompterAnalyzerApplication   : No active profile set, falling back to 1 default profile: "default"
2023-12-27T09:55:21.669+09:00  INFO 83076 --- [main] o.s.b.w.embedded.tomcat.TomcatWebServer  : Tomcat initialized with port 8080 (http)
2023-12-27T09:55:21.679+09:00  INFO 83076 --- [main] o.apache.catalina.core.StandardService   : Starting service [Tomcat]
2023-12-27T09:55:21.679+09:00  INFO 83076 --- [main] o.apache.catalina.core.StandardEngine    : Starting Servlet engine: [Apache Tomcat/10.1.17]
2023-12-27T09:55:21.723+09:00  INFO 83076 --- [main] o.a.c.c.C.[Tomcat].[localhost].[/]       : Initializing Spring embedded WebApplicationContext
2023-12-27T09:55:21.723+09:00  INFO 83076 --- [main] w.s.c.ServletWebServerApplicationContext : Root WebApplicationContext: initialization completed in 637 ms
2023-12-27T09:55:21.978+09:00  INFO 83076 --- [main] o.s.b.w.embedded.tomcat.TomcatWebServer  : Tomcat started on port 8080 (http) with context path ''
2023-12-27T09:55:21.983+09:00  INFO 83076 --- [main] c.e.I.ImagePrompterAnalyzerApplication   : Started ImagePrompterAnalyzerApplication in 1.132 seconds (process running for 1.571)
2023-12-27T09:55:43.032+09:00  INFO 83076 --- [http-nio-8080-exec-2] o.a.c.c.C.[Tomcat].[localhost].[/]       : Initializing Spring DispatcherServlet 'dispatcherServlet'
2023-12-27T09:55:43.033+09:00  INFO 83076 --- [http-nio-8080-exec-2] o.s.web.servlet.DispatcherServlet        : Initializing Servlet 'dispatcherServlet'
2023-12-27T09:55:43.035+09:00  INFO 83076 --- [http-nio-8080-exec-2] o.s.web.servlet.DispatcherServlet        : Completed initialization in 2 ms
2023-12-27T09:55:43.120+09:00  INFO 83076 --- [http-nio-8080-exec-2] e.stanford.nlp.pipeline.StanfordCoreNLP  : Adding annotator tokenize
2023-12-27T09:55:43.126+09:00  INFO 83076 --- [http-nio-8080-exec-2] e.stanford.nlp.pipeline.StanfordCoreNLP  : Adding annotator pos
2023-12-27T09:55:43.525+09:00  INFO 83076 --- [http-nio-8080-exec-2] e.s.nlp.tagger.maxent.MaxentTagger       : Loading POS tagger from edu/stanford/nlp/models/pos-tagger/english-left3words-distsim.tagger ... done [0.4 sec].
2023-12-27T09:55:43.561+09:00  INFO 83076 --- [http-nio-8080-exec-2] e.stanford.nlp.pipeline.StanfordCoreNLP  : Adding annotator tokenize
2023-12-27T09:55:43.561+09:00  INFO 83076 --- [http-nio-8080-exec-2] e.stanford.nlp.pipeline.StanfordCoreNLP  : Adding annotator pos
2023-12-27T09:57:40.050+09:00  INFO 83161 --- [main] c.e.I.ImagePrompterAnalyzerApplication   : Starting ImagePrompterAnalyzerApplication using Java 17.0.9 with PID 83161 (/Users/johyeonseo/IdeaProjects/ImagePrompterAnalyzer/build/classes/java/main started by johyeonseo in /Users/johyeonseo/IdeaProjects/ImagePrompterAnalyzer)
2023-12-27T09:57:40.051+09:00  INFO 83161 --- [main] c.e.I.ImagePrompterAnalyzerApplication   : No active profile set, falling back to 1 default profile: "default"
2023-12-27T09:57:40.578+09:00  INFO 83161 --- [main] o.s.b.w.embedded.tomcat.TomcatWebServer  : Tomcat initialized with port 8080 (http)
2023-12-27T09:57:40.585+09:00  INFO 83161 --- [main] o.apache.catalina.core.StandardService   : Starting service [Tomcat]
2023-12-27T09:57:40.585+09:00  INFO 83161 --- [main] o.apache.catalina.core.StandardEngine    : Starting Servlet engine: [Apache Tomcat/10.1.17]
2023-12-27T09:57:40.609+09:00  INFO 83161 --- [main] o.a.c.c.C.[Tomcat].[localhost].[/]       : Initializing Spring embedded WebApplicationContext
2023-12-27T09:57:40.609+09:00  INFO 83161 --- [main] w.s.c.ServletWebServerApplicationContext : Root WebApplicationContext: initialization completed in 538 ms
2023-12-27T09:57:40.889+09:00  INFO 83161 --- [main] o.s.b.w.embedded.tomcat.TomcatWebServer  : Tomcat started on port 8080 (http) with context path ''
2023-12-27T09:57:40.894+09:00  INFO 83161 --- [main] c.e.I.ImagePrompterAnalyzerApplication   : Started ImagePrompterAnalyzerApplication in 1.064 seconds (process running for 1.406)
2023-12-27T09:57:44.160+09:00  INFO 83161 --- [http-nio-8080-exec-1] o.a.c.c.C.[Tomcat].[localhost].[/]       : Initializing Spring DispatcherServlet 'dispatcherServlet'
2023-12-27T09:57:44.161+09:00  INFO 83161 --- [http-nio-8080-exec-1] o.s.web.servlet.DispatcherServlet        : Initializing Servlet 'dispatcherServlet'
2023-12-27T09:57:44.162+09:00  INFO 83161 --- [http-nio-8080-exec-1] o.s.web.servlet.DispatcherServlet        : Completed initialization in 1 ms
2023-12-27T09:57:44.225+09:00  INFO 83161 --- [http-nio-8080-exec-1] e.stanford.nlp.pipeline.StanfordCoreNLP  : Adding annotator tokenize
2023-12-27T09:57:44.242+09:00  INFO 83161 --- [http-nio-8080-exec-1] e.stanford.nlp.pipeline.StanfordCoreNLP  : Adding annotator pos
2023-12-27T09:57:44.657+09:00  INFO 83161 --- [http-nio-8080-exec-1] e.s.nlp.tagger.maxent.MaxentTagger       : Loading POS tagger from edu/stanford/nlp/models/pos-tagger/english-left3words-distsim.tagger ... done [0.4 sec].
2023-12-27T09:57:44.693+09:00  INFO 83161 --- [http-nio-8080-exec-1] e.stanford.nlp.pipeline.StanfordCoreNLP  : Adding annotator tokenize
2023-12-27T09:57:44.694+09:00  INFO 83161 --- [http-nio-8080-exec-1] e.stanford.nlp.pipeline.StanfordCoreNLP  : Adding annotator pos
2023-12-27T09:59:15.423+09:00  INFO 83266 --- [main] c.e.I.ImagePrompterAnalyzerApplication   : Starting ImagePrompterAnalyzerApplication using Java 17.0.9 with PID 83266 (/Users/johyeonseo/IdeaProjects/ImagePrompterAnalyzer/build/classes/java/main started by johyeonseo in /Users/johyeonseo/IdeaProjects/ImagePrompterAnalyzer)
2023-12-27T09:59:15.424+09:00  INFO 83266 --- [main] c.e.I.ImagePrompterAnalyzerApplication   : No active profile set, falling back to 1 default profile: "default"
2023-12-27T09:59:15.933+09:00  INFO 83266 --- [main] o.s.b.w.embedded.tomcat.TomcatWebServer  : Tomcat initialized with port 8080 (http)
2023-12-27T09:59:15.939+09:00  INFO 83266 --- [main] o.apache.catalina.core.StandardService   : Starting service [Tomcat]
2023-12-27T09:59:15.939+09:00  INFO 83266 --- [main] o.apache.catalina.core.StandardEngine    : Starting Servlet engine: [Apache Tomcat/10.1.17]
2023-12-27T09:59:15.960+09:00  INFO 83266 --- [main] o.a.c.c.C.[Tomcat].[localhost].[/]       : Initializing Spring embedded WebApplicationContext
2023-12-27T09:59:15.960+09:00  INFO 83266 --- [main] w.s.c.ServletWebServerApplicationContext : Root WebApplicationContext: initialization completed in 516 ms
2023-12-27T09:59:16.234+09:00  INFO 83266 --- [main] o.s.b.w.embedded.tomcat.TomcatWebServer  : Tomcat started on port 8080 (http) with context path ''
2023-12-27T09:59:16.238+09:00  INFO 83266 --- [main] c.e.I.ImagePrompterAnalyzerApplication   : Started ImagePrompterAnalyzerApplication in 1.01 seconds (process running for 1.307)
2023-12-27T09:59:25.590+09:00  INFO 83275 --- [main] c.e.I.ImagePrompterAnalyzerApplication   : Starting ImagePrompterAnalyzerApplication using Java 17.0.9 with PID 83275 (/Users/johyeonseo/IdeaProjects/ImagePrompterAnalyzer/build/classes/java/main started by johyeonseo in /Users/johyeonseo/IdeaProjects/ImagePrompterAnalyzer)
2023-12-27T09:59:25.592+09:00  INFO 83275 --- [main] c.e.I.ImagePrompterAnalyzerApplication   : No active profile set, falling back to 1 default profile: "default"
2023-12-27T09:59:26.167+09:00  INFO 83275 --- [main] o.s.b.w.embedded.tomcat.TomcatWebServer  : Tomcat initialized with port 8080 (http)
2023-12-27T09:59:26.173+09:00  INFO 83275 --- [main] o.apache.catalina.core.StandardService   : Starting service [Tomcat]
2023-12-27T09:59:26.173+09:00  INFO 83275 --- [main] o.apache.catalina.core.StandardEngine    : Starting Servlet engine: [Apache Tomcat/10.1.17]
2023-12-27T09:59:26.197+09:00  INFO 83275 --- [main] o.a.c.c.C.[Tomcat].[localhost].[/]       : Initializing Spring embedded WebApplicationContext
2023-12-27T09:59:26.198+09:00  INFO 83275 --- [main] w.s.c.ServletWebServerApplicationContext : Root WebApplicationContext: initialization completed in 586 ms
2023-12-27T09:59:26.499+09:00  INFO 83275 --- [main] o.s.b.w.embedded.tomcat.TomcatWebServer  : Tomcat started on port 8080 (http) with context path ''
2023-12-27T09:59:26.504+09:00  INFO 83275 --- [main] c.e.I.ImagePrompterAnalyzerApplication   : Started ImagePrompterAnalyzerApplication in 1.119 seconds (process running for 1.504)
2023-12-27T09:59:29.292+09:00  INFO 83275 --- [http-nio-8080-exec-2] o.a.c.c.C.[Tomcat].[localhost].[/]       : Initializing Spring DispatcherServlet 'dispatcherServlet'
2023-12-27T09:59:29.293+09:00  INFO 83275 --- [http-nio-8080-exec-2] o.s.web.servlet.DispatcherServlet        : Initializing Servlet 'dispatcherServlet'
2023-12-27T09:59:29.296+09:00  INFO 83275 --- [http-nio-8080-exec-2] o.s.web.servlet.DispatcherServlet        : Completed initialization in 3 ms
2023-12-27T09:59:29.371+09:00  INFO 83275 --- [http-nio-8080-exec-2] e.stanford.nlp.pipeline.StanfordCoreNLP  : Adding annotator tokenize
2023-12-27T09:59:29.377+09:00  INFO 83275 --- [http-nio-8080-exec-2] e.stanford.nlp.pipeline.StanfordCoreNLP  : Adding annotator pos
2023-12-27T09:59:29.765+09:00  INFO 83275 --- [http-nio-8080-exec-2] e.s.nlp.tagger.maxent.MaxentTagger       : Loading POS tagger from edu/stanford/nlp/models/pos-tagger/english-left3words-distsim.tagger ... done [0.4 sec].
2023-12-27T09:59:40.160+09:00  INFO 83275 --- [http-nio-8080-exec-2] e.stanford.nlp.pipeline.StanfordCoreNLP  : Adding annotator tokenize
2023-12-27T09:59:40.162+09:00  INFO 83275 --- [http-nio-8080-exec-2] e.stanford.nlp.pipeline.StanfordCoreNLP  : Adding annotator pos
2023-12-27T10:02:44.250+09:00  INFO 83399 --- [main] c.e.I.ImagePrompterAnalyzerApplication   : Starting ImagePrompterAnalyzerApplication using Java 17.0.9 with PID 83399 (/Users/johyeonseo/IdeaProjects/ImagePrompterAnalyzer/build/classes/java/main started by johyeonseo in /Users/johyeonseo/IdeaProjects/ImagePrompterAnalyzer)
2023-12-27T10:02:44.251+09:00  INFO 83399 --- [main] c.e.I.ImagePrompterAnalyzerApplication   : No active profile set, falling back to 1 default profile: "default"
2023-12-27T10:02:44.874+09:00  INFO 83399 --- [main] o.s.b.w.embedded.tomcat.TomcatWebServer  : Tomcat initialized with port 8080 (http)
2023-12-27T10:02:44.880+09:00  INFO 83399 --- [main] o.apache.catalina.core.StandardService   : Starting service [Tomcat]
2023-12-27T10:02:44.881+09:00  INFO 83399 --- [main] o.apache.catalina.core.StandardEngine    : Starting Servlet engine: [Apache Tomcat/10.1.17]
2023-12-27T10:02:44.905+09:00  INFO 83399 --- [main] o.a.c.c.C.[Tomcat].[localhost].[/]       : Initializing Spring embedded WebApplicationContext
2023-12-27T10:02:44.906+09:00  INFO 83399 --- [main] w.s.c.ServletWebServerApplicationContext : Root WebApplicationContext: initialization completed in 634 ms
2023-12-27T10:02:45.162+09:00  INFO 83399 --- [main] o.s.b.w.embedded.tomcat.TomcatWebServer  : Tomcat started on port 8080 (http) with context path ''
2023-12-27T10:02:45.167+09:00  INFO 83399 --- [main] c.e.I.ImagePrompterAnalyzerApplication   : Started ImagePrompterAnalyzerApplication in 1.174 seconds (process running for 1.58)
2023-12-27T10:02:49.420+09:00  INFO 83399 --- [http-nio-8080-exec-2] o.a.c.c.C.[Tomcat].[localhost].[/]       : Initializing Spring DispatcherServlet 'dispatcherServlet'
2023-12-27T10:02:49.420+09:00  INFO 83399 --- [http-nio-8080-exec-2] o.s.web.servlet.DispatcherServlet        : Initializing Servlet 'dispatcherServlet'
2023-12-27T10:02:49.422+09:00  INFO 83399 --- [http-nio-8080-exec-2] o.s.web.servlet.DispatcherServlet        : Completed initialization in 2 ms
2023-12-27T10:02:49.494+09:00  INFO 83399 --- [http-nio-8080-exec-2] e.stanford.nlp.pipeline.StanfordCoreNLP  : Adding annotator tokenize
2023-12-27T10:02:49.501+09:00  INFO 83399 --- [http-nio-8080-exec-2] e.stanford.nlp.pipeline.StanfordCoreNLP  : Adding annotator pos
2023-12-27T10:02:49.891+09:00  INFO 83399 --- [http-nio-8080-exec-2] e.s.nlp.tagger.maxent.MaxentTagger       : Loading POS tagger from edu/stanford/nlp/models/pos-tagger/english-left3words-distsim.tagger ... done [0.4 sec].
2023-12-27T10:02:49.928+09:00  INFO 83399 --- [http-nio-8080-exec-2] e.stanford.nlp.pipeline.StanfordCoreNLP  : Adding annotator tokenize
2023-12-27T10:02:49.928+09:00  INFO 83399 --- [http-nio-8080-exec-2] e.stanford.nlp.pipeline.StanfordCoreNLP  : Adding annotator pos
2023-12-27T10:02:49.929+09:00  INFO 83399 --- [http-nio-8080-exec-2] c.e.I.service.AnalyzerService            : {JJ=[white], NN=[cat, fur]}
2023-12-27T10:02:49.929+09:00  INFO 83399 --- [http-nio-8080-exec-2] c.e.I.service.AnalyzerService            : {JJ=[long], NN=[dog, hair]}
2023-12-27T10:03:22.999+09:00  INFO 83433 --- [main] c.e.I.ImagePrompterAnalyzerApplication   : Starting ImagePrompterAnalyzerApplication using Java 17.0.9 with PID 83433 (/Users/johyeonseo/IdeaProjects/ImagePrompterAnalyzer/build/classes/java/main started by johyeonseo in /Users/johyeonseo/IdeaProjects/ImagePrompterAnalyzer)
2023-12-27T10:03:23.000+09:00  INFO 83433 --- [main] c.e.I.ImagePrompterAnalyzerApplication   : No active profile set, falling back to 1 default profile: "default"
2023-12-27T10:03:23.490+09:00  INFO 83433 --- [main] o.s.b.w.embedded.tomcat.TomcatWebServer  : Tomcat initialized with port 8080 (http)
2023-12-27T10:03:23.496+09:00  INFO 83433 --- [main] o.apache.catalina.core.StandardService   : Starting service [Tomcat]
2023-12-27T10:03:23.496+09:00  INFO 83433 --- [main] o.apache.catalina.core.StandardEngine    : Starting Servlet engine: [Apache Tomcat/10.1.17]
2023-12-27T10:03:23.518+09:00  INFO 83433 --- [main] o.a.c.c.C.[Tomcat].[localhost].[/]       : Initializing Spring embedded WebApplicationContext
2023-12-27T10:03:23.519+09:00  INFO 83433 --- [main] w.s.c.ServletWebServerApplicationContext : Root WebApplicationContext: initialization completed in 500 ms
2023-12-27T10:03:23.762+09:00  INFO 83433 --- [main] o.s.b.w.embedded.tomcat.TomcatWebServer  : Tomcat started on port 8080 (http) with context path ''
2023-12-27T10:03:23.767+09:00  INFO 83433 --- [main] c.e.I.ImagePrompterAnalyzerApplication   : Started ImagePrompterAnalyzerApplication in 1.029 seconds (process running for 1.402)
2023-12-27T10:03:27.788+09:00  INFO 83433 --- [http-nio-8080-exec-1] o.a.c.c.C.[Tomcat].[localhost].[/]       : Initializing Spring DispatcherServlet 'dispatcherServlet'
2023-12-27T10:03:27.788+09:00  INFO 83433 --- [http-nio-8080-exec-1] o.s.web.servlet.DispatcherServlet        : Initializing Servlet 'dispatcherServlet'
2023-12-27T10:03:27.790+09:00  INFO 83433 --- [http-nio-8080-exec-1] o.s.web.servlet.DispatcherServlet        : Completed initialization in 2 ms
2023-12-27T10:03:27.864+09:00  INFO 83433 --- [http-nio-8080-exec-1] e.stanford.nlp.pipeline.StanfordCoreNLP  : Adding annotator tokenize
2023-12-27T10:03:27.871+09:00  INFO 83433 --- [http-nio-8080-exec-1] e.stanford.nlp.pipeline.StanfordCoreNLP  : Adding annotator pos
2023-12-27T10:03:28.254+09:00  INFO 83433 --- [http-nio-8080-exec-1] e.s.nlp.tagger.maxent.MaxentTagger       : Loading POS tagger from edu/stanford/nlp/models/pos-tagger/english-left3words-distsim.tagger ... done [0.4 sec].
2023-12-27T10:03:28.293+09:00  INFO 83433 --- [http-nio-8080-exec-1] e.stanford.nlp.pipeline.StanfordCoreNLP  : Adding annotator tokenize
2023-12-27T10:03:28.293+09:00  INFO 83433 --- [http-nio-8080-exec-1] e.stanford.nlp.pipeline.StanfordCoreNLP  : Adding annotator pos
2023-12-27T10:03:28.294+09:00  INFO 83433 --- [http-nio-8080-exec-1] c.e.I.service.AnalyzerService            : prompted data: {JJ=[white], NN=[cat, fur]}
2023-12-27T10:03:28.294+09:00  INFO 83433 --- [http-nio-8080-exec-1] c.e.I.service.AnalyzerService            : prompted data: {JJ=[long], NN=[dog, hair]}
2023-12-27T10:03:57.369+09:00  INFO 83465 --- [main] c.e.I.ImagePrompterAnalyzerApplication   : Starting ImagePrompterAnalyzerApplication using Java 17.0.9 with PID 83465 (/Users/johyeonseo/IdeaProjects/ImagePrompterAnalyzer/build/classes/java/main started by johyeonseo in /Users/johyeonseo/IdeaProjects/ImagePrompterAnalyzer)
2023-12-27T10:03:57.370+09:00  INFO 83465 --- [main] c.e.I.ImagePrompterAnalyzerApplication   : No active profile set, falling back to 1 default profile: "default"
2023-12-27T10:03:57.886+09:00  INFO 83465 --- [main] o.s.b.w.embedded.tomcat.TomcatWebServer  : Tomcat initialized with port 8080 (http)
2023-12-27T10:03:57.893+09:00  INFO 83465 --- [main] o.apache.catalina.core.StandardService   : Starting service [Tomcat]
2023-12-27T10:03:57.893+09:00  INFO 83465 --- [main] o.apache.catalina.core.StandardEngine    : Starting Servlet engine: [Apache Tomcat/10.1.17]
2023-12-27T10:03:57.921+09:00  INFO 83465 --- [main] o.a.c.c.C.[Tomcat].[localhost].[/]       : Initializing Spring embedded WebApplicationContext
2023-12-27T10:03:57.921+09:00  INFO 83465 --- [main] w.s.c.ServletWebServerApplicationContext : Root WebApplicationContext: initialization completed in 526 ms
2023-12-27T10:03:58.205+09:00  INFO 83465 --- [main] o.s.b.w.embedded.tomcat.TomcatWebServer  : Tomcat started on port 8080 (http) with context path ''
2023-12-27T10:03:58.210+09:00  INFO 83465 --- [main] c.e.I.ImagePrompterAnalyzerApplication   : Started ImagePrompterAnalyzerApplication in 1.072 seconds (process running for 1.5)
2023-12-27T10:04:05.084+09:00  INFO 83465 --- [http-nio-8080-exec-2] o.a.c.c.C.[Tomcat].[localhost].[/]       : Initializing Spring DispatcherServlet 'dispatcherServlet'
2023-12-27T10:04:05.084+09:00  INFO 83465 --- [http-nio-8080-exec-2] o.s.web.servlet.DispatcherServlet        : Initializing Servlet 'dispatcherServlet'
2023-12-27T10:04:05.086+09:00  INFO 83465 --- [http-nio-8080-exec-2] o.s.web.servlet.DispatcherServlet        : Completed initialization in 2 ms
2023-12-27T10:04:05.164+09:00  INFO 83465 --- [http-nio-8080-exec-2] e.stanford.nlp.pipeline.StanfordCoreNLP  : Adding annotator tokenize
2023-12-27T10:04:05.172+09:00  INFO 83465 --- [http-nio-8080-exec-2] e.stanford.nlp.pipeline.StanfordCoreNLP  : Adding annotator pos
2023-12-27T10:04:05.588+09:00  INFO 83465 --- [http-nio-8080-exec-2] e.s.nlp.tagger.maxent.MaxentTagger       : Loading POS tagger from edu/stanford/nlp/models/pos-tagger/english-left3words-distsim.tagger ... done [0.4 sec].
2023-12-27T10:04:05.625+09:00  INFO 83465 --- [http-nio-8080-exec-2] e.stanford.nlp.pipeline.StanfordCoreNLP  : Adding annotator tokenize
2023-12-27T10:04:05.625+09:00  INFO 83465 --- [http-nio-8080-exec-2] e.stanford.nlp.pipeline.StanfordCoreNLP  : Adding annotator pos
2023-12-27T10:04:05.626+09:00  INFO 83465 --- [http-nio-8080-exec-2] c.e.I.service.AnalyzerService            : prompted data: {JJ=[white], NN=[cat, fur]} negative prompted data: {JJ=[long], NN=[dog, hair]}
2023-12-27T10:25:25.936+09:00  INFO 85224 --- [Test worker] .I.ImagePrompterAnalyzerApplicationTests : Starting ImagePrompterAnalyzerApplicationTests using Java 17.0.9 with PID 85224 (started by johyeonseo in /Users/johyeonseo/IdeaProjects/ImagePrompterAnalyzer)
2023-12-27T10:25:25.937+09:00  INFO 85224 --- [Test worker] .I.ImagePrompterAnalyzerApplicationTests : No active profile set, falling back to 1 default profile: "default"
2023-12-27T10:25:26.673+09:00  INFO 85224 --- [Test worker] .I.ImagePrompterAnalyzerApplicationTests : Started ImagePrompterAnalyzerApplicationTests in 0.884 seconds (process running for 1.568)
2023-12-27T11:13:45.087+09:00  INFO 89711 --- [main] c.e.I.ImagePrompterAnalyzerApplication   : Starting ImagePrompterAnalyzerApplication using Java 17.0.9 with PID 89711 (/Users/johyeonseo/IdeaProjects/ImagePrompterAnalyzer/build/classes/java/main started by johyeonseo in /Users/johyeonseo/IdeaProjects/ImagePrompterAnalyzer)
2023-12-27T11:13:45.090+09:00  INFO 89711 --- [main] c.e.I.ImagePrompterAnalyzerApplication   : No active profile set, falling back to 1 default profile: "default"
2023-12-27T11:13:45.607+09:00  INFO 89711 --- [main] o.s.b.w.embedded.tomcat.TomcatWebServer  : Tomcat initialized with port 8080 (http)
2023-12-27T11:13:45.613+09:00  INFO 89711 --- [main] o.apache.catalina.core.StandardService   : Starting service [Tomcat]
2023-12-27T11:13:45.613+09:00  INFO 89711 --- [main] o.apache.catalina.core.StandardEngine    : Starting Servlet engine: [Apache Tomcat/10.1.17]
2023-12-27T11:13:45.633+09:00  INFO 89711 --- [main] o.a.c.c.C.[Tomcat].[localhost].[/]       : Initializing Spring embedded WebApplicationContext
2023-12-27T11:13:45.634+09:00  INFO 89711 --- [main] w.s.c.ServletWebServerApplicationContext : Root WebApplicationContext: initialization completed in 497 ms
2023-12-27T11:13:45.945+09:00  INFO 89711 --- [main] o.s.b.w.embedded.tomcat.TomcatWebServer  : Tomcat started on port 8080 (http) with context path ''
2023-12-27T11:13:45.950+09:00  INFO 89711 --- [main] c.e.I.ImagePrompterAnalyzerApplication   : Started ImagePrompterAnalyzerApplication in 1.125 seconds (process running for 1.504)
2023-12-27T11:17:01.632+09:00  INFO 89860 --- [main] c.e.I.ImagePrompterAnalyzerApplication   : Starting ImagePrompterAnalyzerApplication using Java 17.0.9 with PID 89860 (/Users/johyeonseo/IdeaProjects/ImagePrompterAnalyzer/build/classes/java/main started by johyeonseo in /Users/johyeonseo/IdeaProjects/ImagePrompterAnalyzer)
2023-12-27T11:17:01.633+09:00  INFO 89860 --- [main] c.e.I.ImagePrompterAnalyzerApplication   : No active profile set, falling back to 1 default profile: "default"
2023-12-27T11:17:02.156+09:00  INFO 89860 --- [main] o.s.b.w.embedded.tomcat.TomcatWebServer  : Tomcat initialized with port 8080 (http)
2023-12-27T11:17:02.162+09:00  INFO 89860 --- [main] o.apache.catalina.core.StandardService   : Starting service [Tomcat]
2023-12-27T11:17:02.162+09:00  INFO 89860 --- [main] o.apache.catalina.core.StandardEngine    : Starting Servlet engine: [Apache Tomcat/10.1.17]
2023-12-27T11:17:02.190+09:00  INFO 89860 --- [main] o.a.c.c.C.[Tomcat].[localhost].[/]       : Initializing Spring embedded WebApplicationContext
2023-12-27T11:17:02.191+09:00  INFO 89860 --- [main] w.s.c.ServletWebServerApplicationContext : Root WebApplicationContext: initialization completed in 537 ms
2023-12-27T11:17:02.479+09:00  INFO 89860 --- [main] o.s.b.w.embedded.tomcat.TomcatWebServer  : Tomcat started on port 8080 (http) with context path ''
2023-12-27T11:17:02.483+09:00  INFO 89860 --- [main] c.e.I.ImagePrompterAnalyzerApplication   : Started ImagePrompterAnalyzerApplication in 1.044 seconds (process running for 1.682)
2023-12-27T11:17:06.546+09:00  INFO 89860 --- [http-nio-8080-exec-2] o.a.c.c.C.[Tomcat].[localhost].[/]       : Initializing Spring DispatcherServlet 'dispatcherServlet'
2023-12-27T11:17:06.548+09:00  INFO 89860 --- [http-nio-8080-exec-2] o.s.web.servlet.DispatcherServlet        : Initializing Servlet 'dispatcherServlet'
2023-12-27T11:17:06.564+09:00  INFO 89860 --- [http-nio-8080-exec-2] o.s.web.servlet.DispatcherServlet        : Completed initialization in 15 ms
2023-12-27T11:17:06.639+09:00  INFO 89860 --- [http-nio-8080-exec-2] e.stanford.nlp.pipeline.StanfordCoreNLP  : Adding annotator tokenize
2023-12-27T11:17:06.646+09:00  INFO 89860 --- [http-nio-8080-exec-2] e.stanford.nlp.pipeline.StanfordCoreNLP  : Adding annotator pos
2023-12-27T11:17:07.100+09:00  INFO 89860 --- [http-nio-8080-exec-2] e.s.nlp.tagger.maxent.MaxentTagger       : Loading POS tagger from edu/stanford/nlp/models/pos-tagger/english-left3words-distsim.tagger ... done [0.4 sec].
2023-12-27T11:17:07.137+09:00  INFO 89860 --- [http-nio-8080-exec-2] e.stanford.nlp.pipeline.StanfordCoreNLP  : Adding annotator tokenize
2023-12-27T11:17:07.138+09:00  INFO 89860 --- [http-nio-8080-exec-2] e.stanford.nlp.pipeline.StanfordCoreNLP  : Adding annotator pos
2023-12-27T11:17:07.138+09:00  INFO 89860 --- [http-nio-8080-exec-2] c.e.I.service.AnalyzerService            : prompted Noun: [cat, fur]
2023-12-27T11:17:07.139+09:00  INFO 89860 --- [http-nio-8080-exec-2] c.e.I.service.AnalyzerService            : prompted Adjective: [white]
2023-12-27T11:17:07.139+09:00  INFO 89860 --- [http-nio-8080-exec-2] c.e.I.service.AnalyzerService            : negative prompted Noun: [dog, hair]
2023-12-27T11:17:07.139+09:00  INFO 89860 --- [http-nio-8080-exec-2] c.e.I.service.AnalyzerService            : negative prompted Adjective: [long]
2023-12-27T11:26:47.273+09:00  INFO 89860 --- [http-nio-8080-exec-5] e.stanford.nlp.pipeline.StanfordCoreNLP  : Adding annotator tokenize
2023-12-27T11:26:47.287+09:00  INFO 89860 --- [http-nio-8080-exec-5] e.stanford.nlp.pipeline.StanfordCoreNLP  : Adding annotator pos
2023-12-27T11:26:47.321+09:00  INFO 89860 --- [http-nio-8080-exec-5] e.stanford.nlp.pipeline.StanfordCoreNLP  : Adding annotator tokenize
2023-12-27T11:26:47.321+09:00  INFO 89860 --- [http-nio-8080-exec-5] e.stanford.nlp.pipeline.StanfordCoreNLP  : Adding annotator pos
2023-12-27T11:26:47.328+09:00  INFO 89860 --- [http-nio-8080-exec-5] c.e.I.service.AnalyzerService            : prompted Noun: [cat, fur]
2023-12-27T11:26:47.329+09:00  INFO 89860 --- [http-nio-8080-exec-5] c.e.I.service.AnalyzerService            : prompted Adjective: [white]
2023-12-27T11:26:47.329+09:00  INFO 89860 --- [http-nio-8080-exec-5] c.e.I.service.AnalyzerService            : negative prompted Noun: [dog, hair]
2023-12-27T11:26:47.329+09:00  INFO 89860 --- [http-nio-8080-exec-5] c.e.I.service.AnalyzerService            : negative prompted Adjective: [long]
2023-12-27T11:26:59.272+09:00  INFO 89860 --- [http-nio-8080-exec-6] e.stanford.nlp.pipeline.StanfordCoreNLP  : Adding annotator tokenize
2023-12-27T11:26:59.275+09:00  INFO 89860 --- [http-nio-8080-exec-6] e.stanford.nlp.pipeline.StanfordCoreNLP  : Adding annotator pos
2023-12-27T11:26:59.278+09:00  INFO 89860 --- [http-nio-8080-exec-6] e.stanford.nlp.pipeline.StanfordCoreNLP  : Adding annotator tokenize
2023-12-27T11:26:59.279+09:00  INFO 89860 --- [http-nio-8080-exec-6] e.stanford.nlp.pipeline.StanfordCoreNLP  : Adding annotator pos
2023-12-27T11:26:59.280+09:00  INFO 89860 --- [http-nio-8080-exec-6] c.e.I.service.AnalyzerService            : prompted Noun: [cat, fur]
2023-12-27T11:26:59.280+09:00  INFO 89860 --- [http-nio-8080-exec-6] c.e.I.service.AnalyzerService            : prompted Adjective: [white]
2023-12-27T11:26:59.280+09:00  INFO 89860 --- [http-nio-8080-exec-6] c.e.I.service.AnalyzerService            : negative prompted Noun: [dog, hair]
2023-12-27T11:26:59.280+09:00  INFO 89860 --- [http-nio-8080-exec-6] c.e.I.service.AnalyzerService            : negative prompted Adjective: [long]
2023-12-27T11:45:45.395+09:00  INFO 91702 --- [main] c.e.I.ImagePrompterAnalyzerApplication   : Starting ImagePrompterAnalyzerApplication using Java 17.0.9 with PID 91702 (/Users/johyeonseo/IdeaProjects/ImagePrompterAnalyzer/build/classes/java/main started by johyeonseo in /Users/johyeonseo/IdeaProjects/ImagePrompterAnalyzer)
2023-12-27T11:45:45.398+09:00  INFO 91702 --- [main] c.e.I.ImagePrompterAnalyzerApplication   : No active profile set, falling back to 1 default profile: "default"
2023-12-27T11:45:46.186+09:00  INFO 91702 --- [main] o.s.b.w.embedded.tomcat.TomcatWebServer  : Tomcat initialized with port 8080 (http)
2023-12-27T11:45:46.193+09:00  INFO 91702 --- [main] o.apache.catalina.core.StandardService   : Starting service [Tomcat]
2023-12-27T11:45:46.193+09:00  INFO 91702 --- [main] o.apache.catalina.core.StandardEngine    : Starting Servlet engine: [Apache Tomcat/10.1.17]
2023-12-27T11:45:46.223+09:00  INFO 91702 --- [main] o.a.c.c.C.[Tomcat].[localhost].[/]       : Initializing Spring embedded WebApplicationContext
2023-12-27T11:45:46.224+09:00  INFO 91702 --- [main] w.s.c.ServletWebServerApplicationContext : Root WebApplicationContext: initialization completed in 797 ms
2023-12-27T11:45:46.493+09:00  INFO 91702 --- [main] o.s.b.w.embedded.tomcat.TomcatWebServer  : Tomcat started on port 8080 (http) with context path ''
2023-12-27T11:45:46.501+09:00  INFO 91702 --- [main] c.e.I.ImagePrompterAnalyzerApplication   : Started ImagePrompterAnalyzerApplication in 1.431 seconds (process running for 2.181)
2023-12-27T11:45:49.437+09:00  INFO 91702 --- [http-nio-8080-exec-1] o.a.c.c.C.[Tomcat].[localhost].[/]       : Initializing Spring DispatcherServlet 'dispatcherServlet'
2023-12-27T11:45:49.439+09:00  INFO 91702 --- [http-nio-8080-exec-1] o.s.web.servlet.DispatcherServlet        : Initializing Servlet 'dispatcherServlet'
2023-12-27T11:45:49.447+09:00  INFO 91702 --- [http-nio-8080-exec-1] o.s.web.servlet.DispatcherServlet        : Completed initialization in 8 ms
2023-12-27T11:45:49.569+09:00  INFO 91702 --- [http-nio-8080-exec-1] e.stanford.nlp.pipeline.StanfordCoreNLP  : Adding annotator tokenize
2023-12-27T11:45:49.577+09:00  INFO 91702 --- [http-nio-8080-exec-1] e.stanford.nlp.pipeline.StanfordCoreNLP  : Adding annotator pos
2023-12-27T11:45:50.142+09:00  INFO 91702 --- [http-nio-8080-exec-1] e.s.nlp.tagger.maxent.MaxentTagger       : Loading POS tagger from edu/stanford/nlp/models/pos-tagger/english-left3words-distsim.tagger ... done [0.5 sec].
2023-12-27T11:45:50.180+09:00  INFO 91702 --- [http-nio-8080-exec-1] c.e.I.service.AnalyzerService            : prompted Noun: [cat, fur]
2023-12-27T11:45:50.180+09:00  INFO 91702 --- [http-nio-8080-exec-1] c.e.I.service.AnalyzerService            : prompted Adjective: [white]
2023-12-27T11:45:50.182+09:00 ERROR 91702 --- [http-nio-8080-exec-1] o.a.c.c.C.[.[.[/].[dispatcherServlet]    : Servlet.service() for servlet [dispatcherServlet] in context with path [] threw exception [Request processing failed: java.lang.NullPointerException: Cannot invoke "java.util.List.isEmpty()" because the return value of "java.util.Map.get(Object)" is null] with root cause

java.lang.NullPointerException: Cannot invoke "java.util.List.isEmpty()" because the return value of "java.util.Map.get(Object)" is null
	at com.example.ImagePrompterAnalyzer.service.AnalyzerService.analyzeInferenceRequest(AnalyzerService.java:36) ~[main/:na]
	at com.example.ImagePrompterAnalyzer.controller.InferenceController.doInference(InferenceController.java:27) ~[main/:na]
	at java.base/jdk.internal.reflect.NativeMethodAccessorImpl.invoke0(Native Method) ~[na:na]
	at java.base/jdk.internal.reflect.NativeMethodAccessorImpl.invoke(NativeMethodAccessorImpl.java:77) ~[na:na]
	at java.base/jdk.internal.reflect.DelegatingMethodAccessorImpl.invoke(DelegatingMethodAccessorImpl.java:43) ~[na:na]
	at java.base/java.lang.reflect.Method.invoke(Method.java:568) ~[na:na]
	at org.springframework.aop.support.AopUtils.invokeJoinpointUsingReflection(AopUtils.java:352) ~[spring-aop-6.1.2.jar:6.1.2]
	at org.springframework.aop.framework.ReflectiveMethodInvocation.invokeJoinpoint(ReflectiveMethodInvocation.java:196) ~[spring-aop-6.1.2.jar:6.1.2]
	at org.springframework.aop.framework.ReflectiveMethodInvocation.proceed(ReflectiveMethodInvocation.java:163) ~[spring-aop-6.1.2.jar:6.1.2]
	at org.springframework.aop.framework.CglibAopProxy$CglibMethodInvocation.proceed(CglibAopProxy.java:765) ~[spring-aop-6.1.2.jar:6.1.2]
	at org.springframework.aop.framework.adapter.MethodBeforeAdviceInterceptor.invoke(MethodBeforeAdviceInterceptor.java:58) ~[spring-aop-6.1.2.jar:6.1.2]
	at org.springframework.aop.framework.ReflectiveMethodInvocation.proceed(ReflectiveMethodInvocation.java:184) ~[spring-aop-6.1.2.jar:6.1.2]
	at org.springframework.aop.framework.CglibAopProxy$CglibMethodInvocation.proceed(CglibAopProxy.java:765) ~[spring-aop-6.1.2.jar:6.1.2]
	at org.springframework.aop.interceptor.ExposeInvocationInterceptor.invoke(ExposeInvocationInterceptor.java:97) ~[spring-aop-6.1.2.jar:6.1.2]
	at org.springframework.aop.framework.ReflectiveMethodInvocation.proceed(ReflectiveMethodInvocation.java:184) ~[spring-aop-6.1.2.jar:6.1.2]
	at org.springframework.aop.framework.CglibAopProxy$CglibMethodInvocation.proceed(CglibAopProxy.java:765) ~[spring-aop-6.1.2.jar:6.1.2]
	at org.springframework.aop.framework.CglibAopProxy$DynamicAdvisedInterceptor.intercept(CglibAopProxy.java:717) ~[spring-aop-6.1.2.jar:6.1.2]
	at com.example.ImagePrompterAnalyzer.controller.InferenceController$$SpringCGLIB$$0.doInference(<generated>) ~[main/:na]
	at java.base/jdk.internal.reflect.NativeMethodAccessorImpl.invoke0(Native Method) ~[na:na]
	at java.base/jdk.internal.reflect.NativeMethodAccessorImpl.invoke(NativeMethodAccessorImpl.java:77) ~[na:na]
	at java.base/jdk.internal.reflect.DelegatingMethodAccessorImpl.invoke(DelegatingMethodAccessorImpl.java:43) ~[na:na]
	at java.base/java.lang.reflect.Method.invoke(Method.java:568) ~[na:na]
	at org.springframework.web.method.support.InvocableHandlerMethod.doInvoke(InvocableHandlerMethod.java:262) ~[spring-web-6.1.2.jar:6.1.2]
	at org.springframework.web.method.support.InvocableHandlerMethod.invokeForRequest(InvocableHandlerMethod.java:190) ~[spring-web-6.1.2.jar:6.1.2]
	at org.springframework.web.servlet.mvc.method.annotation.ServletInvocableHandlerMethod.invokeAndHandle(ServletInvocableHandlerMethod.java:118) ~[spring-webmvc-6.1.2.jar:6.1.2]
	at org.springframework.web.servlet.mvc.method.annotation.RequestMappingHandlerAdapter.invokeHandlerMethod(RequestMappingHandlerAdapter.java:917) ~[spring-webmvc-6.1.2.jar:6.1.2]
	at org.springframework.web.servlet.mvc.method.annotation.RequestMappingHandlerAdapter.handleInternal(RequestMappingHandlerAdapter.java:829) ~[spring-webmvc-6.1.2.jar:6.1.2]
	at org.springframework.web.servlet.mvc.method.AbstractHandlerMethodAdapter.handle(AbstractHandlerMethodAdapter.java:87) ~[spring-webmvc-6.1.2.jar:6.1.2]
	at org.springframework.web.servlet.DispatcherServlet.doDispatch(DispatcherServlet.java:1089) ~[spring-webmvc-6.1.2.jar:6.1.2]
	at org.springframework.web.servlet.DispatcherServlet.doService(DispatcherServlet.java:979) ~[spring-webmvc-6.1.2.jar:6.1.2]
	at org.springframework.web.servlet.FrameworkServlet.processRequest(FrameworkServlet.java:1014) ~[spring-webmvc-6.1.2.jar:6.1.2]
	at org.springframework.web.servlet.FrameworkServlet.doPost(FrameworkServlet.java:914) ~[spring-webmvc-6.1.2.jar:6.1.2]
	at jakarta.servlet.http.HttpServlet.service(HttpServlet.java:590) ~[tomcat-embed-core-10.1.17.jar:6.0]
	at org.springframework.web.servlet.FrameworkServlet.service(FrameworkServlet.java:885) ~[spring-webmvc-6.1.2.jar:6.1.2]
	at jakarta.servlet.http.HttpServlet.service(HttpServlet.java:658) ~[tomcat-embed-core-10.1.17.jar:6.0]
	at org.apache.catalina.core.ApplicationFilterChain.internalDoFilter(ApplicationFilterChain.java:205) ~[tomcat-embed-core-10.1.17.jar:10.1.17]
	at org.apache.catalina.core.ApplicationFilterChain.doFilter(ApplicationFilterChain.java:149) ~[tomcat-embed-core-10.1.17.jar:10.1.17]
	at org.apache.tomcat.websocket.server.WsFilter.doFilter(WsFilter.java:51) ~[tomcat-embed-websocket-10.1.17.jar:10.1.17]
	at org.apache.catalina.core.ApplicationFilterChain.internalDoFilter(ApplicationFilterChain.java:174) ~[tomcat-embed-core-10.1.17.jar:10.1.17]
	at org.apache.catalina.core.ApplicationFilterChain.doFilter(ApplicationFilterChain.java:149) ~[tomcat-embed-core-10.1.17.jar:10.1.17]
	at org.springframework.web.filter.RequestContextFilter.doFilterInternal(RequestContextFilter.java:100) ~[spring-web-6.1.2.jar:6.1.2]
	at org.springframework.web.filter.OncePerRequestFilter.doFilter(OncePerRequestFilter.java:116) ~[spring-web-6.1.2.jar:6.1.2]
	at org.apache.catalina.core.ApplicationFilterChain.internalDoFilter(ApplicationFilterChain.java:174) ~[tomcat-embed-core-10.1.17.jar:10.1.17]
	at org.apache.catalina.core.ApplicationFilterChain.doFilter(ApplicationFilterChain.java:149) ~[tomcat-embed-core-10.1.17.jar:10.1.17]
	at org.springframework.web.filter.FormContentFilter.doFilterInternal(FormContentFilter.java:93) ~[spring-web-6.1.2.jar:6.1.2]
	at org.springframework.web.filter.OncePerRequestFilter.doFilter(OncePerRequestFilter.java:116) ~[spring-web-6.1.2.jar:6.1.2]
	at org.apache.catalina.core.ApplicationFilterChain.internalDoFilter(ApplicationFilterChain.java:174) ~[tomcat-embed-core-10.1.17.jar:10.1.17]
	at org.apache.catalina.core.ApplicationFilterChain.doFilter(ApplicationFilterChain.java:149) ~[tomcat-embed-core-10.1.17.jar:10.1.17]
	at org.springframework.web.filter.CharacterEncodingFilter.doFilterInternal(CharacterEncodingFilter.java:201) ~[spring-web-6.1.2.jar:6.1.2]
	at org.springframework.web.filter.OncePerRequestFilter.doFilter(OncePerRequestFilter.java:116) ~[spring-web-6.1.2.jar:6.1.2]
	at org.apache.catalina.core.ApplicationFilterChain.internalDoFilter(ApplicationFilterChain.java:174) ~[tomcat-embed-core-10.1.17.jar:10.1.17]
	at org.apache.catalina.core.ApplicationFilterChain.doFilter(ApplicationFilterChain.java:149) ~[tomcat-embed-core-10.1.17.jar:10.1.17]
	at org.apache.catalina.core.StandardWrapperValve.invoke(StandardWrapperValve.java:167) ~[tomcat-embed-core-10.1.17.jar:10.1.17]
	at org.apache.catalina.core.StandardContextValve.invoke(StandardContextValve.java:90) ~[tomcat-embed-core-10.1.17.jar:10.1.17]
	at org.apache.catalina.authenticator.AuthenticatorBase.invoke(AuthenticatorBase.java:482) ~[tomcat-embed-core-10.1.17.jar:10.1.17]
	at org.apache.catalina.core.StandardHostValve.invoke(StandardHostValve.java:115) ~[tomcat-embed-core-10.1.17.jar:10.1.17]
	at org.apache.catalina.valves.ErrorReportValve.invoke(ErrorReportValve.java:93) ~[tomcat-embed-core-10.1.17.jar:10.1.17]
	at org.apache.catalina.core.StandardEngineValve.invoke(StandardEngineValve.java:74) ~[tomcat-embed-core-10.1.17.jar:10.1.17]
	at org.apache.catalina.connector.CoyoteAdapter.service(CoyoteAdapter.java:340) ~[tomcat-embed-core-10.1.17.jar:10.1.17]
	at org.apache.coyote.http11.Http11Processor.service(Http11Processor.java:391) ~[tomcat-embed-core-10.1.17.jar:10.1.17]
	at org.apache.coyote.AbstractProcessorLight.process(AbstractProcessorLight.java:63) ~[tomcat-embed-core-10.1.17.jar:10.1.17]
	at org.apache.coyote.AbstractProtocol$ConnectionHandler.process(AbstractProtocol.java:896) ~[tomcat-embed-core-10.1.17.jar:10.1.17]
	at org.apache.tomcat.util.net.NioEndpoint$SocketProcessor.doRun(NioEndpoint.java:1744) ~[tomcat-embed-core-10.1.17.jar:10.1.17]
	at org.apache.tomcat.util.net.SocketProcessorBase.run(SocketProcessorBase.java:52) ~[tomcat-embed-core-10.1.17.jar:10.1.17]
	at org.apache.tomcat.util.threads.ThreadPoolExecutor.runWorker(ThreadPoolExecutor.java:1191) ~[tomcat-embed-core-10.1.17.jar:10.1.17]
	at org.apache.tomcat.util.threads.ThreadPoolExecutor$Worker.run(ThreadPoolExecutor.java:659) ~[tomcat-embed-core-10.1.17.jar:10.1.17]
	at org.apache.tomcat.util.threads.TaskThread$WrappingRunnable.run(TaskThread.java:61) ~[tomcat-embed-core-10.1.17.jar:10.1.17]
	at java.base/java.lang.Thread.run(Thread.java:840) ~[na:na]

2023-12-27T11:46:17.202+09:00  INFO 91722 --- [main] c.e.I.ImagePrompterAnalyzerApplication   : Starting ImagePrompterAnalyzerApplication using Java 17.0.9 with PID 91722 (/Users/johyeonseo/IdeaProjects/ImagePrompterAnalyzer/build/classes/java/main started by johyeonseo in /Users/johyeonseo/IdeaProjects/ImagePrompterAnalyzer)
2023-12-27T11:46:17.204+09:00  INFO 91722 --- [main] c.e.I.ImagePrompterAnalyzerApplication   : No active profile set, falling back to 1 default profile: "default"
2023-12-27T11:46:17.824+09:00  INFO 91722 --- [main] o.s.b.w.embedded.tomcat.TomcatWebServer  : Tomcat initialized with port 8080 (http)
2023-12-27T11:46:17.829+09:00  INFO 91722 --- [main] o.apache.catalina.core.StandardService   : Starting service [Tomcat]
2023-12-27T11:46:17.829+09:00  INFO 91722 --- [main] o.apache.catalina.core.StandardEngine    : Starting Servlet engine: [Apache Tomcat/10.1.17]
2023-12-27T11:46:17.869+09:00  INFO 91722 --- [main] o.a.c.c.C.[Tomcat].[localhost].[/]       : Initializing Spring embedded WebApplicationContext
2023-12-27T11:46:17.869+09:00  INFO 91722 --- [main] w.s.c.ServletWebServerApplicationContext : Root WebApplicationContext: initialization completed in 643 ms
2023-12-27T11:46:18.196+09:00  INFO 91722 --- [main] o.s.b.w.embedded.tomcat.TomcatWebServer  : Tomcat started on port 8080 (http) with context path ''
2023-12-27T11:46:18.200+09:00  INFO 91722 --- [main] c.e.I.ImagePrompterAnalyzerApplication   : Started ImagePrompterAnalyzerApplication in 1.597 seconds (process running for 2.828)
2023-12-27T11:47:06.410+09:00  INFO 91757 --- [main] c.e.I.ImagePrompterAnalyzerApplication   : Starting ImagePrompterAnalyzerApplication using Java 17.0.9 with PID 91757 (/Users/johyeonseo/IdeaProjects/ImagePrompterAnalyzer/build/classes/java/main started by johyeonseo in /Users/johyeonseo/IdeaProjects/ImagePrompterAnalyzer)
2023-12-27T11:47:06.411+09:00  INFO 91757 --- [main] c.e.I.ImagePrompterAnalyzerApplication   : No active profile set, falling back to 1 default profile: "default"
2023-12-27T11:47:07.117+09:00  INFO 91757 --- [main] o.s.b.w.embedded.tomcat.TomcatWebServer  : Tomcat initialized with port 8080 (http)
2023-12-27T11:47:07.123+09:00  INFO 91757 --- [main] o.apache.catalina.core.StandardService   : Starting service [Tomcat]
2023-12-27T11:47:07.123+09:00  INFO 91757 --- [main] o.apache.catalina.core.StandardEngine    : Starting Servlet engine: [Apache Tomcat/10.1.17]
2023-12-27T11:47:07.146+09:00  INFO 91757 --- [main] o.a.c.c.C.[Tomcat].[localhost].[/]       : Initializing Spring embedded WebApplicationContext
2023-12-27T11:47:07.147+09:00  INFO 91757 --- [main] w.s.c.ServletWebServerApplicationContext : Root WebApplicationContext: initialization completed in 709 ms
2023-12-27T11:47:07.377+09:00  INFO 91757 --- [main] o.s.b.w.embedded.tomcat.TomcatWebServer  : Tomcat started on port 8080 (http) with context path ''
2023-12-27T11:47:07.381+09:00  INFO 91757 --- [main] c.e.I.ImagePrompterAnalyzerApplication   : Started ImagePrompterAnalyzerApplication in 1.168 seconds (process running for 1.462)
2023-12-27T11:47:09.546+09:00  INFO 91757 --- [http-nio-8080-exec-1] o.a.c.c.C.[Tomcat].[localhost].[/]       : Initializing Spring DispatcherServlet 'dispatcherServlet'
2023-12-27T11:47:09.546+09:00  INFO 91757 --- [http-nio-8080-exec-1] o.s.web.servlet.DispatcherServlet        : Initializing Servlet 'dispatcherServlet'
2023-12-27T11:47:09.550+09:00  INFO 91757 --- [http-nio-8080-exec-1] o.s.web.servlet.DispatcherServlet        : Completed initialization in 4 ms
2023-12-27T11:47:09.618+09:00  INFO 91757 --- [http-nio-8080-exec-1] e.stanford.nlp.pipeline.StanfordCoreNLP  : Adding annotator tokenize
2023-12-27T11:47:09.624+09:00  INFO 91757 --- [http-nio-8080-exec-1] e.stanford.nlp.pipeline.StanfordCoreNLP  : Adding annotator pos
2023-12-27T11:47:10.041+09:00  INFO 91757 --- [http-nio-8080-exec-1] e.s.nlp.tagger.maxent.MaxentTagger       : Loading POS tagger from edu/stanford/nlp/models/pos-tagger/english-left3words-distsim.tagger ... done [0.4 sec].
2023-12-27T11:47:10.081+09:00  INFO 91757 --- [http-nio-8080-exec-1] c.e.I.service.AnalyzerService            : prompted Noun: [cat, fur]
2023-12-27T11:47:10.081+09:00  INFO 91757 --- [http-nio-8080-exec-1] c.e.I.service.AnalyzerService            : prompted Adjective: [white]
